<?xml version="1.0" encoding="UTF-8"?>
<!-- Generated by org.testng.reporters.JUnitReportReporter -->
<testsuite hostname="DESKTOP-6ERC4JE" failures="0" tests="1" name="Functionality.Registerpagefunctionality" time="41.222" errors="0" timestamp="2023-07-10T10:41:44 IST" skipped="0">
  <testcase classname="Functionality.Registerpagefunctionality" name="registerpageTest" time="41.222"/>
</testsuite> <!-- Functionality.Registerpagefunctionality -->
