<?xml version="1.0" encoding="UTF-8"?>
<!-- Generated by org.testng.reporters.JUnitReportReporter -->
<testsuite hostname="DESKTOP-6ERC4JE" failures="0" tests="1" name="Functionality.Registerpagefunctionality" time="51.018" errors="0" timestamp="2023-07-17T11:14:02 IST" skipped="0">
  <testcase classname="Functionality.Registerpagefunctionality" name="registerpageTest" time="51.018"/>
</testsuite> <!-- Functionality.Registerpagefunctionality -->
